<?xml version='1.0' encoding='UTF-8'?>
<testsuite hostname="DESKTOP-0KR4DSO" name="MainTest" tests="6" errors="0" failures="0" skipped="0" time="13.717">
                     <properties>
[...]
</properties>
                     <testcase classname="MainTest" name="ingestKafkaTopic must generate the correct schema" time="0.068">
                                                 
                                               </testcase><testcase classname="MainTest" name="ingestKafkaTopic must ingest values from kafka" time="3.621">
                                                 
                                               </testcase><testcase classname="MainTest" name="extractValues must generate the correct schema" time="0.185">
                                                 
                                               </testcase><testcase classname="MainTest" name="extractValues must extract values from dataframe" time="0.351">
                                                 
                                               </testcase><testcase classname="MainTest" name="calculateTopPollutionEventsPerWeek must generate the correct schema" time="0.297">
                                                 
                                               </testcase><testcase classname="MainTest" name="Main must calculate correct aggregations on all data when processing end to end" time="9.195">
                                                 
                                               </testcase>
                     <system-out><![CDATA[]]></system-out>
                     <system-err><![CDATA[]]></system-err>
                   </testsuite>